
> questup-frontend@0.1.0 start
> react-scripts start

Starting the development server...

Compiled successfully!

You can now view questup-frontend in the browser.

  Local:            http://localhost:3000
  On Your Network:  http://192.168.0.10:3000

Note that the development build is not optimized.
To create a production build, use npm run build.

webpack compiled [1m[32msuccessfully[39m[22m
Compiling...
Compiled successfully!
webpack compiled [1m[32msuccessfully[39m[22m
Compiling...
Compiled successfully!
webpack compiled [1m[32msuccessfully[39m[22m
Compiling...
Compiled successfully!
webpack compiled [1m[32msuccessfully[39m[22m
Compiling...
Compiled successfully!
webpack compiled [1m[32msuccessfully[39m[22m
Compiling...
Compiled successfully!
webpack compiled [1m[32msuccessfully[39m[22m
Compiling...
Compiled successfully!
webpack compiled [1m[32msuccessfully[39m[22m
Failed to compile.

Module not found: Error: Can't resolve './pages/LoginPage' in 'C:\Users\BEYOGLU\QuestUp-App\frontend\src'
[1m[31mERROR[39m[22m in [1m./src/App.js[39m[22m [1m[32m13:0-42[39m[22m
[1mModule [1m[31mnot found[39m[22m[1m: [1m[31mError[39m[22m[1m: Can't resolve './pages/LoginPage' in 'C:\Users\BEYOGLU\QuestUp-App\frontend\src'[39m[22m

webpack compiled with [1m[31m1 error[39m[22m
Compiling...
Compiled successfully!
webpack compiled [1m[32msuccessfully[39m[22m
Compiling...
Compiled successfully!
webpack compiled [1m[32msuccessfully[39m[22m
Failed to compile.

Module not found: Error: Can't resolve './services/authService' in 'C:\Users\BEYOGLU\QuestUp-App\frontend\src'
[1m[31mERROR[39m[22m in [1m./src/App.js[39m[22m [1m[32m20:0-49[39m[22m
[1mModule [1m[31mnot found[39m[22m[1m: [1m[31mError[39m[22m[1m: Can't resolve './services/authService' in 'C:\Users\BEYOGLU\QuestUp-App\frontend\src'[39m[22m

[1m[31mERROR[39m[22m in [1m./src/pages/AdminPartnerLoginPage.js[39m[22m [1m[32m11:0-50[39m[22m
[1mModule [1m[31mnot found[39m[22m[1m: [1m[31mError[39m[22m[1m: Can't resolve '../services/authService' in 'C:\Users\BEYOGLU\QuestUp-App\frontend\src\pages'[39m[22m

[1m[31mERROR[39m[22m in [1m./src/pages/HomePage.js[39m[22m [1m[32m10:0-50[39m[22m
[1mModule [1m[31mnot found[39m[22m[1m: [1m[31mError[39m[22m[1m: Can't resolve '../services/authService' in 'C:\Users\BEYOGLU\QuestUp-App\frontend\src\pages'[39m[22m

[1m[31mERROR[39m[22m in [1m./src/pages/LoginPage.js[39m[22m [1m[32m13:0-50[39m[22m
[1mModule [1m[31mnot found[39m[22m[1m: [1m[31mError[39m[22m[1m: Can't resolve '../services/authService' in 'C:\Users\BEYOGLU\QuestUp-App\frontend\src\pages'[39m[22m

[1m[31mERROR[39m[22m in [1m./src/pages/ProfilePage.js[39m[22m [1m[32m12:0-50[39m[22m
[1mModule [1m[31mnot found[39m[22m[1m: [1m[31mError[39m[22m[1m: Can't resolve '../services/authService' in 'C:\Users\BEYOGLU\QuestUp-App\frontend\src\pages'[39m[22m

[1m[31mERROR[39m[22m in [1m./src/pages/ProfileSetupPage.js[39m[22m [1m[32m11:0-50[39m[22m
[1mModule [1m[31mnot found[39m[22m[1m: [1m[31mError[39m[22m[1m: Can't resolve '../services/authService' in 'C:\Users\BEYOGLU\QuestUp-App\frontend\src\pages'[39m[22m

webpack compiled with [1m[31m6 errors[39m[22m
Compiling...
Compiled successfully!
webpack compiled [1m[32msuccessfully[39m[22m
Compiling...
Compiled successfully!
webpack compiled [1m[32msuccessfully[39m[22m
Compiling...
Compiled successfully!
webpack compiled [1m[32msuccessfully[39m[22m
Compiling...
Compiled successfully!
webpack compiled [1m[32msuccessfully[39m[22m
Failed to compile.

Module not found: Error: Can't resolve './App' in 'C:\Users\BEYOGLU\QuestUp-App\frontend\src'
[1m[31mERROR[39m[22m in [1m./src/index.js[39m[22m [1m[32m10:0-24[39m[22m
[1mModule [1m[31mnot found[39m[22m[1m: [1m[31mError[39m[22m[1m: Can't resolve './App' in 'C:\Users\BEYOGLU\QuestUp-App\frontend\src'[39m[22m

webpack compiled with [1m[31m1 error[39m[22m
Compiling...
Compiled successfully!
webpack compiled [1m[32msuccessfully[39m[22m
Compiling...
Failed to compile.

[eslint] 
src\pages\AuthLandingPage.js
Syntax error: Unexpected token (26:6) (26:6)
[1m[31mERROR[39m[22m in [1m./src/pages/AuthLandingPage.js[39m[22m
Module build failed (from ./node_modules/babel-loader/lib/index.js):
SyntaxError: C:\Users\BEYOGLU\QuestUp-App\frontend\src\pages\AuthLandingPage.js: Unexpected token (26:6)

[0m [90m 24 |[39m       console[33m.[39merror([32m'handleDemoUserLogin'[39m[33m,[39m error)[33m;[39m
 [90m 25 |[39m       setError(error[33m.[39mmessage [33m||[39m [32m'Demo girisi basarisiz'[39m)[33m;[39m
[31m[1m>[22m[39m[90m 26 |[39m     } [36mcatch[39m (error) {
 [90m    |[39m       [31m[1m^[22m[39m
 [90m 27 |[39m       console[33m.[39merror([32m'handleDemoUserLogin'[39m[33m,[39m error)[33m;[39m
 [90m 28 |[39m     } [36mfinally[39m {
 [90m 29 |[39m       setLoading([36mfalse[39m)[33m;[39m[0m
    at constructor (C:\Users\BEYOGLU\QuestUp-App\frontend\node_modules\@babel\parser\lib\index.js:365:19)
    at FlowParserMixin.raise (C:\Users\BEYOGLU\QuestUp-App\frontend\node_modules\@babel\parser\lib\index.js:6599:19)
    at FlowParserMixin.unexpected (C:\Users\BEYOGLU\QuestUp-App\frontend\node_modules\@babel\parser\lib\index.js:6619:16)
    at FlowParserMixin.parseExprAtom (C:\Users\BEYOGLU\QuestUp-App\frontend\node_modules\@babel\parser\lib\index.js:11442:22)
    at FlowParserMixin.parseExprAtom (C:\Users\BEYOGLU\QuestUp-App\frontend\node_modules\@babel\parser\lib\index.js:4764:20)
    at FlowParserMixin.parseExprSubscripts (C:\Users\BEYOGLU\QuestUp-App\frontend\node_modules\@babel\parser\lib\index.js:11081:23)
    at FlowParserMixin.parseUpdate (C:\Users\BEYOGLU\QuestUp-App\frontend\node_modules\@babel\parser\lib\index.js:11066:21)
    at FlowParserMixin.parseMaybeUnary (C:\Users\BEYOGLU\QuestUp-App\frontend\node_modules\@babel\parser\lib\index.js:11046:23)
    at FlowParserMixin.parseMaybeUnaryOrPrivate (C:\Users\BEYOGLU\QuestUp-App\frontend\node_modules\@babel\parser\lib\index.js:10899:61)
    at FlowParserMixin.parseExprOps (C:\Users\BEYOGLU\QuestUp-App\frontend\node_modules\@babel\parser\lib\index.js:10904:23)
    at FlowParserMixin.parseMaybeConditional (C:\Users\BEYOGLU\QuestUp-App\frontend\node_modules\@babel\parser\lib\index.js:10881:23)
    at FlowParserMixin.parseMaybeAssign (C:\Users\BEYOGLU\QuestUp-App\frontend\node_modules\@babel\parser\lib\index.js:10831:21)
    at FlowParserMixin.parseMaybeAssign (C:\Users\BEYOGLU\QuestUp-App\frontend\node_modules\@babel\parser\lib\index.js:3549:18)
    at FlowParserMixin.parseExpressionBase (C:\Users\BEYOGLU\QuestUp-App\frontend\node_modules\@babel\parser\lib\index.js:10784:23)
    at C:\Users\BEYOGLU\QuestUp-App\frontend\node_modules\@babel\parser\lib\index.js:10780:39
    at FlowParserMixin.allowInAnd (C:\Users\BEYOGLU\QuestUp-App\frontend\node_modules\@babel\parser\lib\index.js:12421:16)
    at FlowParserMixin.parseExpression (C:\Users\BEYOGLU\QuestUp-App\frontend\node_modules\@babel\parser\lib\index.js:10780:17)
    at FlowParserMixin.parseStatementContent (C:\Users\BEYOGLU\QuestUp-App\frontend\node_modules\@babel\parser\lib\index.js:12895:23)
    at FlowParserMixin.parseStatementLike (C:\Users\BEYOGLU\QuestUp-App\frontend\node_modules\@babel\parser\lib\index.js:12767:17)
    at FlowParserMixin.parseStatementLike (C:\Users\BEYOGLU\QuestUp-App\frontend\node_modules\@babel\parser\lib\index.js:2918:24)
    at FlowParserMixin.parseStatementListItem (C:\Users\BEYOGLU\QuestUp-App\frontend\node_modules\@babel\parser\lib\index.js:12747:17)
    at FlowParserMixin.parseBlockOrModuleBlockBody (C:\Users\BEYOGLU\QuestUp-App\frontend\node_modules\@babel\parser\lib\index.js:13316:61)
    at FlowParserMixin.parseBlockBody (C:\Users\BEYOGLU\QuestUp-App\frontend\node_modules\@babel\parser\lib\index.js:13309:10)
    at FlowParserMixin.parseBlock (C:\Users\BEYOGLU\QuestUp-App\frontend\node_modules\@babel\parser\lib\index.js:13297:10)
    at FlowParserMixin.parseFunctionBody (C:\Users\BEYOGLU\QuestUp-App\frontend\node_modules\@babel\parser\lib\index.js:12100:24)
    at FlowParserMixin.parseFunctionBody (C:\Users\BEYOGLU\QuestUp-App\frontend\node_modules\@babel\parser\lib\index.js:2895:11)
    at FlowParserMixin.parseFunctionBodyAndFinish (C:\Users\BEYOGLU\QuestUp-App\frontend\node_modules\@babel\parser\lib\index.js:12086:10)
    at FlowParserMixin.parseFunctionBodyAndFinish (C:\Users\BEYOGLU\QuestUp-App\frontend\node_modules\@babel\parser\lib\index.js:2903:18)
    at C:\Users\BEYOGLU\QuestUp-App\frontend\node_modules\@babel\parser\lib\index.js:13445:12
    at FlowParserMixin.withSmartMixTopicForbiddingContext (C:\Users\BEYOGLU\QuestUp-App\frontend\node_modules\@babel\parser\lib\index.js:12403:14)
    at FlowParserMixin.parseFunction (C:\Users\BEYOGLU\QuestUp-App\frontend\node_modules\@babel\parser\lib\index.js:13444:10)
    at FlowParserMixin.parseFunctionStatement (C:\Users\BEYOGLU\QuestUp-App\frontend\node_modules\@babel\parser\lib\index.js:13125:17)
    at FlowParserMixin.parseStatementContent (C:\Users\BEYOGLU\QuestUp-App\frontend\node_modules\@babel\parser\lib\index.js:12890:25)
    at FlowParserMixin.parseStatementLike (C:\Users\BEYOGLU\QuestUp-App\frontend\node_modules\@babel\parser\lib\index.js:12767:17)
    at FlowParserMixin.parseStatementLike (C:\Users\BEYOGLU\QuestUp-App\frontend\node_modules\@babel\parser\lib\index.js:2918:24)
    at FlowParserMixin.parseStatementListItem (C:\Users\BEYOGLU\QuestUp-App\frontend\node_modules\@babel\parser\lib\index.js:12747:17)
    at FlowParserMixin.parseBlockOrModuleBlockBody (C:\Users\BEYOGLU\QuestUp-App\frontend\node_modules\@babel\parser\lib\index.js:13316:61)
    at FlowParserMixin.parseBlockBody (C:\Users\BEYOGLU\QuestUp-App\frontend\node_modules\@babel\parser\lib\index.js:13309:10)
    at FlowParserMixin.parseBlock (C:\Users\BEYOGLU\QuestUp-App\frontend\node_modules\@babel\parser\lib\index.js:13297:10)
    at FlowParserMixin.parseFunctionBody (C:\Users\BEYOGLU\QuestUp-App\frontend\node_modules\@babel\parser\lib\index.js:12100:24)
    at FlowParserMixin.parseFunctionBody (C:\Users\BEYOGLU\QuestUp-App\frontend\node_modules\@babel\parser\lib\index.js:2895:11)
    at FlowParserMixin.parseFunctionBodyAndFinish (C:\Users\BEYOGLU\QuestUp-App\frontend\node_modules\@babel\parser\lib\index.js:12086:10)
    at FlowParserMixin.parseFunctionBodyAndFinish (C:\Users\BEYOGLU\QuestUp-App\frontend\node_modules\@babel\parser\lib\index.js:2903:18)
    at C:\Users\BEYOGLU\QuestUp-App\frontend\node_modules\@babel\parser\lib\index.js:13445:12
    at FlowParserMixin.withSmartMixTopicForbiddingContext (C:\Users\BEYOGLU\QuestUp-App\frontend\node_modules\@babel\parser\lib\index.js:12403:14)
    at FlowParserMixin.parseFunction (C:\Users\BEYOGLU\QuestUp-App\frontend\node_modules\@babel\parser\lib\index.js:13444:10)
    at FlowParserMixin.parseExportDefaultExpression (C:\Users\BEYOGLU\QuestUp-App\frontend\node_modules\@babel\parser\lib\index.js:13907:19)
    at FlowParserMixin.parseExportDefaultExpression (C:\Users\BEYOGLU\QuestUp-App\frontend\node_modules\@babel\parser\lib\index.js:2966:18)
    at FlowParserMixin.parseExport (C:\Users\BEYOGLU\QuestUp-App\frontend\node_modules\@babel\parser\lib\index.js:13828:25)
    at FlowParserMixin.parseStatementContent (C:\Users\BEYOGLU\QuestUp-App\frontend\node_modules\@babel\parser\lib\index.js:12878:27)

[1m[31mERROR[39m[22m in [1m[eslint] 
src\pages\AuthLandingPage.js
  Line 26:6:  Parsing [1m[31merror[39m[22m[1m: [1m[31mUnexpected[39m[22m[1m token (26:6)

[39m[22m

webpack compiled with [1m[31m2 errors[39m[22m
Compiling...
Compiled successfully!
webpack compiled [1m[32msuccessfully[39m[22m
Compiling...
Compiled successfully!
webpack compiled [1m[32msuccessfully[39m[22m
Compiling...
Compiled successfully!
webpack compiled [1m[32msuccessfully[39m[22m
Compiling...
Compiled with warnings.

[eslint] 
src\App.js
  Line 10:8:  'AuthLandingPage' is defined but never used  no-unused-vars

Search for the keywords to learn more about each warning.
To ignore, add // eslint-disable-next-line to the line before.

[1m[33mWARNING[39m[22m in [1m[eslint] 
src\App.js
  Line 10:8:  'AuthLandingPage' is defined but never used  no-unused-vars

[39m[22m

webpack compiled with [1m[33m1 warning[39m[22m
Compiling...
Compiled successfully!
webpack compiled [1m[32msuccessfully[39m[22m
Compiling...
Compiled successfully!
webpack compiled [1m[32msuccessfully[39m[22m
Compiling...
Compiled successfully!
webpack compiled [1m[32msuccessfully[39m[22m
Failed to compile.

Module not found: Error: Can't resolve './services/api' in 'C:\Users\BEYOGLU\QuestUp-App\frontend\src'
[1m[31mERROR[39m[22m in [1m./src/App.js[39m[22m [1m[32m23:0-45[39m[22m
[1mModule [1m[31mnot found[39m[22m[1m: [1m[31mError[39m[22m[1m: Can't resolve './services/api' in 'C:\Users\BEYOGLU\QuestUp-App\frontend\src'[39m[22m

[1m[31mERROR[39m[22m in [1m./src/pages/AdminDashboard.js[39m[22m [1m[32m16:4-11[39m[22m
[1mexport 'API' (imported as 'API') was [1m[31mnot found[39m[22m[1m in '../App' (possible exports: [1m[32mdefault, getSocket[39m[22m[1m)[39m[22m

[1m[31mERROR[39m[22m in [1m./src/pages/ChangePasswordPage.js[39m[22m [1m[32m10:0-51[39m[22m
[1mModule [1m[31mnot found[39m[22m[1m: [1m[31mError[39m[22m[1m: Can't resolve '../services/api' in 'C:\Users\BEYOGLU\QuestUp-App\frontend\src\pages'[39m[22m

[1m[31mERROR[39m[22m in [1m./src/pages/FraudReviewPage.js[39m[22m [1m[32m16:4-11[39m[22m
[1mexport 'API' (imported as 'API') was [1m[31mnot found[39m[22m[1m in '../App' (possible exports: [1m[32mdefault, getSocket[39m[22m[1m)[39m[22m

[1m[31mERROR[39m[22m in [1m./src/pages/PartnerDashboardPage.js[39m[22m [1m[32m16:4-11[39m[22m
[1mexport 'API' (imported as 'API') was [1m[31mnot found[39m[22m[1m in '../App' (possible exports: [1m[32mdefault, getSocket[39m[22m[1m)[39m[22m

[1m[31mERROR[39m[22m in [1m./src/pages/ProfilePage.js[39m[22m [1m[32m44:12-19[39m[22m
[1mexport 'API' (imported as 'API') was [1m[31mnot found[39m[22m[1m in '../App' (possible exports: [1m[32mdefault, getSocket[39m[22m[1m)[39m[22m

[1m[31mERROR[39m[22m in [1m./src/pages/QRDropDetailPage.js[39m[22m [1m[32m20:4-11[39m[22m
[1mexport 'API' (imported as 'API') was [1m[31mnot found[39m[22m[1m in '../App' (possible exports: [1m[32mdefault, getSocket[39m[22m[1m)[39m[22m

[1m[31mERROR[39m[22m in [1m./src/pages/QRHuntPage.js[39m[22m [1m[32m28:4-11[39m[22m
[1mexport 'API' (imported as 'API') was [1m[31mnot found[39m[22m[1m in '../App' (possible exports: [1m[32mdefault, getSocket[39m[22m[1m)[39m[22m

[1m[31mERROR[39m[22m in [1m./src/pages/QRScannerPage.js[39m[22m [1m[32m127:29-37[39m[22m
[1mexport 'API' (imported as 'API') was [1m[31mnot found[39m[22m[1m in '../App' (possible exports: [1m[32mdefault, getSocket[39m[22m[1m)[39m[22m

[1m[31mERROR[39m[22m in [1m./src/services/authService.js[39m[22m [1m[32m7:0-53[39m[22m
[1mModule [1m[31mnot found[39m[22m[1m: [1m[31mError[39m[22m[1m: Can't resolve './api' in 'C:\Users\BEYOGLU\QuestUp-App\frontend\src\services'[39m[22m

webpack compiled with [1m[31m10 errors[39m[22m
Compiling...
Failed to compile.

Attempted import error: 'API' is not exported from '../App' (imported as 'API').
[1m[31mERROR[39m[22m in [1m./src/pages/AdminDashboard.js[39m[22m [1m[32m16:4-11[39m[22m
[1mexport 'API' (imported as 'API') was [1m[31mnot found[39m[22m[1m in '../App' (possible exports: [1m[32mdefault, getSocket[39m[22m[1m)[39m[22m

[1m[31mERROR[39m[22m in [1m./src/pages/FraudReviewPage.js[39m[22m [1m[32m16:4-11[39m[22m
[1mexport 'API' (imported as 'API') was [1m[31mnot found[39m[22m[1m in '../App' (possible exports: [1m[32mdefault, getSocket[39m[22m[1m)[39m[22m

[1m[31mERROR[39m[22m in [1m./src/pages/PartnerDashboardPage.js[39m[22m [1m[32m16:4-11[39m[22m
[1mexport 'API' (imported as 'API') was [1m[31mnot found[39m[22m[1m in '../App' (possible exports: [1m[32mdefault, getSocket[39m[22m[1m)[39m[22m

[1m[31mERROR[39m[22m in [1m./src/pages/ProfilePage.js[39m[22m [1m[32m44:12-19[39m[22m
[1mexport 'API' (imported as 'API') was [1m[31mnot found[39m[22m[1m in '../App' (possible exports: [1m[32mdefault, getSocket[39m[22m[1m)[39m[22m

[1m[31mERROR[39m[22m in [1m./src/pages/QRDropDetailPage.js[39m[22m [1m[32m20:4-11[39m[22m
[1mexport 'API' (imported as 'API') was [1m[31mnot found[39m[22m[1m in '../App' (possible exports: [1m[32mdefault, getSocket[39m[22m[1m)[39m[22m

[1m[31mERROR[39m[22m in [1m./src/pages/QRHuntPage.js[39m[22m [1m[32m28:4-11[39m[22m
[1mexport 'API' (imported as 'API') was [1m[31mnot found[39m[22m[1m in '../App' (possible exports: [1m[32mdefault, getSocket[39m[22m[1m)[39m[22m

[1m[31mERROR[39m[22m in [1m./src/pages/QRScannerPage.js[39m[22m [1m[32m127:29-37[39m[22m
[1mexport 'API' (imported as 'API') was [1m[31mnot found[39m[22m[1m in '../App' (possible exports: [1m[32mdefault, getSocket[39m[22m[1m)[39m[22m

webpack compiled with [1m[31m7 errors[39m[22m
Failed to compile.

Module not found: Error: Can't resolve './services/authService' in 'C:\Users\BEYOGLU\QuestUp-App\frontend\src'
[1m[31mERROR[39m[22m in [1m./src/App.js[39m[22m [1m[32m24:0-49[39m[22m
[1mModule [1m[31mnot found[39m[22m[1m: [1m[31mError[39m[22m[1m: Can't resolve './services/authService' in 'C:\Users\BEYOGLU\QuestUp-App\frontend\src'[39m[22m

[1m[31mERROR[39m[22m in [1m./src/pages/AdminDashboard.js[39m[22m [1m[32m16:4-11[39m[22m
[1mexport 'API' (imported as 'API') was [1m[31mnot found[39m[22m[1m in '../App' (possible exports: [1m[32mdefault, getSocket[39m[22m[1m)[39m[22m

[1m[31mERROR[39m[22m in [1m./src/pages/AdminPartnerLoginPage.js[39m[22m [1m[32m11:0-50[39m[22m
[1mModule [1m[31mnot found[39m[22m[1m: [1m[31mError[39m[22m[1m: Can't resolve '../services/authService' in 'C:\Users\BEYOGLU\QuestUp-App\frontend\src\pages'[39m[22m

[1m[31mERROR[39m[22m in [1m./src/pages/EmailVerificationPage.js[39m[22m [1m[32m12:0-50[39m[22m
[1mModule [1m[31mnot found[39m[22m[1m: [1m[31mError[39m[22m[1m: Can't resolve '../services/authService' in 'C:\Users\BEYOGLU\QuestUp-App\frontend\src\pages'[39m[22m

[1m[31mERROR[39m[22m in [1m./src/pages/FraudReviewPage.js[39m[22m [1m[32m16:4-11[39m[22m
[1mexport 'API' (imported as 'API') was [1m[31mnot found[39m[22m[1m in '../App' (possible exports: [1m[32mdefault, getSocket[39m[22m[1m)[39m[22m

[1m[31mERROR[39m[22m in [1m./src/pages/HomePage.js[39m[22m [1m[32m10:0-50[39m[22m
[1mModule [1m[31mnot found[39m[22m[1m: [1m[31mError[39m[22m[1m: Can't resolve '../services/authService' in 'C:\Users\BEYOGLU\QuestUp-App\frontend\src\pages'[39m[22m

[1m[31mERROR[39m[22m in [1m./src/pages/LoginPage.js[39m[22m [1m[32m13:0-50[39m[22m
[1mModule [1m[31mnot found[39m[22m[1m: [1m[31mError[39m[22m[1m: Can't resolve '../services/authService' in 'C:\Users\BEYOGLU\QuestUp-App\frontend\src\pages'[39m[22m

[1m[31mERROR[39m[22m in [1m./src/pages/PartnerDashboardPage.js[39m[22m [1m[32m16:4-11[39m[22m
[1mexport 'API' (imported as 'API') was [1m[31mnot found[39m[22m[1m in '../App' (possible exports: [1m[32mdefault, getSocket[39m[22m[1m)[39m[22m

[1m[31mERROR[39m[22m in [1m./src/pages/ProfilePage.js[39m[22m [1m[32m12:0-50[39m[22m
[1mModule [1m[31mnot found[39m[22m[1m: [1m[31mError[39m[22m[1m: Can't resolve '../services/authService' in 'C:\Users\BEYOGLU\QuestUp-App\frontend\src\pages'[39m[22m

[1m[31mERROR[39m[22m in [1m./src/pages/ProfilePage.js[39m[22m [1m[32m44:12-19[39m[22m
[1mexport 'API' (imported as 'API') was [1m[31mnot found[39m[22m[1m in '../App' (possible exports: [1m[32mdefault, getSocket[39m[22m[1m)[39m[22m

[1m[31mERROR[39m[22m in [1m./src/pages/ProfileSetupPage.js[39m[22m [1m[32m11:0-50[39m[22m
[1mModule [1m[31mnot found[39m[22m[1m: [1m[31mError[39m[22m[1m: Can't resolve '../services/authService' in 'C:\Users\BEYOGLU\QuestUp-App\frontend\src\pages'[39m[22m

[1m[31mERROR[39m[22m in [1m./src/pages/QRDropDetailPage.js[39m[22m [1m[32m20:4-11[39m[22m
[1mexport 'API' (imported as 'API') was [1m[31mnot found[39m[22m[1m in '../App' (possible exports: [1m[32mdefault, getSocket[39m[22m[1m)[39m[22m

[1m[31mERROR[39m[22m in [1m./src/pages/QRHuntPage.js[39m[22m [1m[32m28:4-11[39m[22m
[1mexport 'API' (imported as 'API') was [1m[31mnot found[39m[22m[1m in '../App' (possible exports: [1m[32mdefault, getSocket[39m[22m[1m)[39m[22m

[1m[31mERROR[39m[22m in [1m./src/pages/QRScannerPage.js[39m[22m [1m[32m127:29-37[39m[22m
[1mexport 'API' (imported as 'API') was [1m[31mnot found[39m[22m[1m in '../App' (possible exports: [1m[32mdefault, getSocket[39m[22m[1m)[39m[22m

[1m[31mERROR[39m[22m in [1m./src/pages/RegisterPage.js[39m[22m [1m[32m12:0-50[39m[22m
[1mModule [1m[31mnot found[39m[22m[1m: [1m[31mError[39m[22m[1m: Can't resolve '../services/authService' in 'C:\Users\BEYOGLU\QuestUp-App\frontend\src\pages'[39m[22m

webpack compiled with [1m[31m15 errors[39m[22m
Compiling...
Failed to compile.

Attempted import error: 'API' is not exported from '../App' (imported as 'API').
[1m[31mERROR[39m[22m in [1m./src/pages/AdminDashboard.js[39m[22m [1m[32m16:4-11[39m[22m
[1mexport 'API' (imported as 'API') was [1m[31mnot found[39m[22m[1m in '../App' (possible exports: [1m[32mdefault, getSocket[39m[22m[1m)[39m[22m

[1m[31mERROR[39m[22m in [1m./src/pages/FraudReviewPage.js[39m[22m [1m[32m16:4-11[39m[22m
[1mexport 'API' (imported as 'API') was [1m[31mnot found[39m[22m[1m in '../App' (possible exports: [1m[32mdefault, getSocket[39m[22m[1m)[39m[22m

[1m[31mERROR[39m[22m in [1m./src/pages/PartnerDashboardPage.js[39m[22m [1m[32m16:4-11[39m[22m
[1mexport 'API' (imported as 'API') was [1m[31mnot found[39m[22m[1m in '../App' (possible exports: [1m[32mdefault, getSocket[39m[22m[1m)[39m[22m

[1m[31mERROR[39m[22m in [1m./src/pages/ProfilePage.js[39m[22m [1m[32m44:12-19[39m[22m
[1mexport 'API' (imported as 'API') was [1m[31mnot found[39m[22m[1m in '../App' (possible exports: [1m[32mdefault, getSocket[39m[22m[1m)[39m[22m

[1m[31mERROR[39m[22m in [1m./src/pages/QRDropDetailPage.js[39m[22m [1m[32m20:4-11[39m[22m
[1mexport 'API' (imported as 'API') was [1m[31mnot found[39m[22m[1m in '../App' (possible exports: [1m[32mdefault, getSocket[39m[22m[1m)[39m[22m

[1m[31mERROR[39m[22m in [1m./src/pages/QRHuntPage.js[39m[22m [1m[32m28:4-11[39m[22m
[1mexport 'API' (imported as 'API') was [1m[31mnot found[39m[22m[1m in '../App' (possible exports: [1m[32mdefault, getSocket[39m[22m[1m)[39m[22m

[1m[31mERROR[39m[22m in [1m./src/pages/QRScannerPage.js[39m[22m [1m[32m127:29-37[39m[22m
[1mexport 'API' (imported as 'API') was [1m[31mnot found[39m[22m[1m in '../App' (possible exports: [1m[32mdefault, getSocket[39m[22m[1m)[39m[22m

webpack compiled with [1m[31m7 errors[39m[22m
Failed to compile.

Module not found: Error: Can't resolve './App' in 'C:\Users\BEYOGLU\QuestUp-App\frontend\src'
[1m[31mERROR[39m[22m in [1m./src/index.js[39m[22m [1m[32m10:0-24[39m[22m
[1mModule [1m[31mnot found[39m[22m[1m: [1m[31mError[39m[22m[1m: Can't resolve './App' in 'C:\Users\BEYOGLU\QuestUp-App\frontend\src'[39m[22m

webpack compiled with [1m[31m1 error[39m[22m
Compiling...
Failed to compile.

Attempted import error: 'API' is not exported from '../App' (imported as 'API').
[1m[31mERROR[39m[22m in [1m./src/pages/AdminDashboard.js[39m[22m [1m[32m16:4-11[39m[22m
[1mexport 'API' (imported as 'API') was [1m[31mnot found[39m[22m[1m in '../App' (possible exports: [1m[32mdefault[39m[22m[1m)[39m[22m

[1m[31mERROR[39m[22m in [1m./src/pages/FraudReviewPage.js[39m[22m [1m[32m16:4-11[39m[22m
[1mexport 'API' (imported as 'API') was [1m[31mnot found[39m[22m[1m in '../App' (possible exports: [1m[32mdefault[39m[22m[1m)[39m[22m

[1m[31mERROR[39m[22m in [1m./src/pages/PartnerDashboardPage.js[39m[22m [1m[32m16:4-11[39m[22m
[1mexport 'API' (imported as 'API') was [1m[31mnot found[39m[22m[1m in '../App' (possible exports: [1m[32mdefault[39m[22m[1m)[39m[22m

[1m[31mERROR[39m[22m in [1m./src/pages/ProfilePage.js[39m[22m [1m[32m44:12-19[39m[22m
[1mexport 'API' (imported as 'API') was [1m[31mnot found[39m[22m[1m in '../App' (possible exports: [1m[32mdefault[39m[22m[1m)[39m[22m

[1m[31mERROR[39m[22m in [1m./src/pages/QRDropDetailPage.js[39m[22m [1m[32m20:4-11[39m[22m
[1mexport 'API' (imported as 'API') was [1m[31mnot found[39m[22m[1m in '../App' (possible exports: [1m[32mdefault[39m[22m[1m)[39m[22m

[1m[31mERROR[39m[22m in [1m./src/pages/QRHuntPage.js[39m[22m [1m[32m28:4-11[39m[22m
[1mexport 'API' (imported as 'API') was [1m[31mnot found[39m[22m[1m in '../App' (possible exports: [1m[32mdefault[39m[22m[1m)[39m[22m

[1m[31mERROR[39m[22m in [1m./src/pages/QRScannerPage.js[39m[22m [1m[32m127:29-37[39m[22m
[1mexport 'API' (imported as 'API') was [1m[31mnot found[39m[22m[1m in '../App' (possible exports: [1m[32mdefault[39m[22m[1m)[39m[22m

[1m[31mERROR[39m[22m in [1m./src/pages/TasksPage.js[39m[22m [1m[32m25:19-28[39m[22m
[1mexport 'getSocket' (imported as 'getSocket') was [1m[31mnot found[39m[22m[1m in '../App' (possible exports: [1m[32mdefault[39m[22m[1m)[39m[22m

webpack compiled with [1m[31m8 errors[39m[22m
Compiling...
Failed to compile.

Attempted import error: 'API' is not exported from '../App' (imported as 'API').
[1m[31mERROR[39m[22m in [1m./src/pages/AdminDashboard.js[39m[22m [1m[32m16:4-11[39m[22m
[1mexport 'API' (imported as 'API') was [1m[31mnot found[39m[22m[1m in '../App' (possible exports: [1m[32mdefault[39m[22m[1m)[39m[22m

[1m[31mERROR[39m[22m in [1m./src/pages/FraudReviewPage.js[39m[22m [1m[32m16:4-11[39m[22m
[1mexport 'API' (imported as 'API') was [1m[31mnot found[39m[22m[1m in '../App' (possible exports: [1m[32mdefault[39m[22m[1m)[39m[22m

[1m[31mERROR[39m[22m in [1m./src/pages/PartnerDashboardPage.js[39m[22m [1m[32m16:4-11[39m[22m
[1mexport 'API' (imported as 'API') was [1m[31mnot found[39m[22m[1m in '../App' (possible exports: [1m[32mdefault[39m[22m[1m)[39m[22m

[1m[31mERROR[39m[22m in [1m./src/pages/ProfilePage.js[39m[22m [1m[32m44:12-19[39m[22m
[1mexport 'API' (imported as 'API') was [1m[31mnot found[39m[22m[1m in '../App' (possible exports: [1m[32mdefault[39m[22m[1m)[39m[22m

[1m[31mERROR[39m[22m in [1m./src/pages/QRDropDetailPage.js[39m[22m [1m[32m20:4-11[39m[22m
[1mexport 'API' (imported as 'API') was [1m[31mnot found[39m[22m[1m in '../App' (possible exports: [1m[32mdefault[39m[22m[1m)[39m[22m

[1m[31mERROR[39m[22m in [1m./src/pages/QRHuntPage.js[39m[22m [1m[32m28:4-11[39m[22m
[1mexport 'API' (imported as 'API') was [1m[31mnot found[39m[22m[1m in '../App' (possible exports: [1m[32mdefault[39m[22m[1m)[39m[22m

[1m[31mERROR[39m[22m in [1m./src/pages/QRScannerPage.js[39m[22m [1m[32m127:29-37[39m[22m
[1mexport 'API' (imported as 'API') was [1m[31mnot found[39m[22m[1m in '../App' (possible exports: [1m[32mdefault[39m[22m[1m)[39m[22m

[1m[31mERROR[39m[22m in [1m./src/pages/TasksPage.js[39m[22m [1m[32m25:19-28[39m[22m
[1mexport 'getSocket' (imported as 'getSocket') was [1m[31mnot found[39m[22m[1m in '../App' (possible exports: [1m[32mdefault[39m[22m[1m)[39m[22m

webpack compiled with [1m[31m8 errors[39m[22m
Compiling...
Failed to compile.

Attempted import error: 'API' is not exported from '../App' (imported as 'API').
[1m[33mWARNING[39m[22m in [1m[eslint] 
src\pages\LoginPage.js
  Line 81:18:  'handleDemoLogin' is defined but never used  no-unused-vars

[39m[22m

[1m[31mERROR[39m[22m in [1m./src/pages/AdminDashboard.js[39m[22m [1m[32m16:4-11[39m[22m
[1mexport 'API' (imported as 'API') was [1m[31mnot found[39m[22m[1m in '../App' (possible exports: [1m[32mdefault[39m[22m[1m)[39m[22m

[1m[31mERROR[39m[22m in [1m./src/pages/FraudReviewPage.js[39m[22m [1m[32m16:4-11[39m[22m
[1mexport 'API' (imported as 'API') was [1m[31mnot found[39m[22m[1m in '../App' (possible exports: [1m[32mdefault[39m[22m[1m)[39m[22m

[1m[31mERROR[39m[22m in [1m./src/pages/PartnerDashboardPage.js[39m[22m [1m[32m16:4-11[39m[22m
[1mexport 'API' (imported as 'API') was [1m[31mnot found[39m[22m[1m in '../App' (possible exports: [1m[32mdefault[39m[22m[1m)[39m[22m

[1m[31mERROR[39m[22m in [1m./src/pages/ProfilePage.js[39m[22m [1m[32m44:12-19[39m[22m
[1mexport 'API' (imported as 'API') was [1m[31mnot found[39m[22m[1m in '../App' (possible exports: [1m[32mdefault[39m[22m[1m)[39m[22m

[1m[31mERROR[39m[22m in [1m./src/pages/QRDropDetailPage.js[39m[22m [1m[32m20:4-11[39m[22m
[1mexport 'API' (imported as 'API') was [1m[31mnot found[39m[22m[1m in '../App' (possible exports: [1m[32mdefault[39m[22m[1m)[39m[22m

[1m[31mERROR[39m[22m in [1m./src/pages/QRHuntPage.js[39m[22m [1m[32m28:4-11[39m[22m
[1mexport 'API' (imported as 'API') was [1m[31mnot found[39m[22m[1m in '../App' (possible exports: [1m[32mdefault[39m[22m[1m)[39m[22m

[1m[31mERROR[39m[22m in [1m./src/pages/QRScannerPage.js[39m[22m [1m[32m127:29-37[39m[22m
[1mexport 'API' (imported as 'API') was [1m[31mnot found[39m[22m[1m in '../App' (possible exports: [1m[32mdefault[39m[22m[1m)[39m[22m

[1m[31mERROR[39m[22m in [1m./src/pages/TasksPage.js[39m[22m [1m[32m25:19-28[39m[22m
[1mexport 'getSocket' (imported as 'getSocket') was [1m[31mnot found[39m[22m[1m in '../App' (possible exports: [1m[32mdefault[39m[22m[1m)[39m[22m

webpack compiled with [1m[31m8 errors[39m[22m and [1m[33m1 warning[39m[22m
Compiling...
Failed to compile.

Attempted import error: 'API' is not exported from '../App' (imported as 'API').
[1m[31mERROR[39m[22m in [1m./src/pages/AdminDashboard.js[39m[22m [1m[32m16:4-11[39m[22m
[1mexport 'API' (imported as 'API') was [1m[31mnot found[39m[22m[1m in '../App' (possible exports: [1m[32mdefault[39m[22m[1m)[39m[22m

[1m[31mERROR[39m[22m in [1m./src/pages/FraudReviewPage.js[39m[22m [1m[32m16:4-11[39m[22m
[1mexport 'API' (imported as 'API') was [1m[31mnot found[39m[22m[1m in '../App' (possible exports: [1m[32mdefault[39m[22m[1m)[39m[22m

[1m[31mERROR[39m[22m in [1m./src/pages/PartnerDashboardPage.js[39m[22m [1m[32m16:4-11[39m[22m
[1mexport 'API' (imported as 'API') was [1m[31mnot found[39m[22m[1m in '../App' (possible exports: [1m[32mdefault[39m[22m[1m)[39m[22m

[1m[31mERROR[39m[22m in [1m./src/pages/ProfilePage.js[39m[22m [1m[32m44:12-19[39m[22m
[1mexport 'API' (imported as 'API') was [1m[31mnot found[39m[22m[1m in '../App' (possible exports: [1m[32mdefault[39m[22m[1m)[39m[22m

[1m[31mERROR[39m[22m in [1m./src/pages/QRDropDetailPage.js[39m[22m [1m[32m20:4-11[39m[22m
[1mexport 'API' (imported as 'API') was [1m[31mnot found[39m[22m[1m in '../App' (possible exports: [1m[32mdefault[39m[22m[1m)[39m[22m

[1m[31mERROR[39m[22m in [1m./src/pages/QRHuntPage.js[39m[22m [1m[32m28:4-11[39m[22m
[1mexport 'API' (imported as 'API') was [1m[31mnot found[39m[22m[1m in '../App' (possible exports: [1m[32mdefault[39m[22m[1m)[39m[22m

[1m[31mERROR[39m[22m in [1m./src/pages/QRScannerPage.js[39m[22m [1m[32m127:29-37[39m[22m
[1mexport 'API' (imported as 'API') was [1m[31mnot found[39m[22m[1m in '../App' (possible exports: [1m[32mdefault[39m[22m[1m)[39m[22m

[1m[31mERROR[39m[22m in [1m./src/pages/TasksPage.js[39m[22m [1m[32m25:19-28[39m[22m
[1mexport 'getSocket' (imported as 'getSocket') was [1m[31mnot found[39m[22m[1m in '../App' (possible exports: [1m[32mdefault[39m[22m[1m)[39m[22m

webpack compiled with [1m[31m8 errors[39m[22m
Compiling...
Failed to compile.

Attempted import error: 'API' is not exported from '../App' (imported as 'API').
[1m[31mERROR[39m[22m in [1m./src/pages/AdminDashboard.js[39m[22m [1m[32m16:4-11[39m[22m
[1mexport 'API' (imported as 'API') was [1m[31mnot found[39m[22m[1m in '../App' (possible exports: [1m[32mdefault[39m[22m[1m)[39m[22m

[1m[31mERROR[39m[22m in [1m./src/pages/FraudReviewPage.js[39m[22m [1m[32m16:4-11[39m[22m
[1mexport 'API' (imported as 'API') was [1m[31mnot found[39m[22m[1m in '../App' (possible exports: [1m[32mdefault[39m[22m[1m)[39m[22m

[1m[31mERROR[39m[22m in [1m./src/pages/PartnerDashboardPage.js[39m[22m [1m[32m16:4-11[39m[22m
[1mexport 'API' (imported as 'API') was [1m[31mnot found[39m[22m[1m in '../App' (possible exports: [1m[32mdefault[39m[22m[1m)[39m[22m

[1m[31mERROR[39m[22m in [1m./src/pages/ProfilePage.js[39m[22m [1m[32m44:12-19[39m[22m
[1mexport 'API' (imported as 'API') was [1m[31mnot found[39m[22m[1m in '../App' (possible exports: [1m[32mdefault[39m[22m[1m)[39m[22m

[1m[31mERROR[39m[22m in [1m./src/pages/QRDropDetailPage.js[39m[22m [1m[32m20:4-11[39m[22m
[1mexport 'API' (imported as 'API') was [1m[31mnot found[39m[22m[1m in '../App' (possible exports: [1m[32mdefault[39m[22m[1m)[39m[22m

[1m[31mERROR[39m[22m in [1m./src/pages/QRHuntPage.js[39m[22m [1m[32m28:4-11[39m[22m
[1mexport 'API' (imported as 'API') was [1m[31mnot found[39m[22m[1m in '../App' (possible exports: [1m[32mdefault[39m[22m[1m)[39m[22m

[1m[31mERROR[39m[22m in [1m./src/pages/QRScannerPage.js[39m[22m [1m[32m127:29-37[39m[22m
[1mexport 'API' (imported as 'API') was [1m[31mnot found[39m[22m[1m in '../App' (possible exports: [1m[32mdefault[39m[22m[1m)[39m[22m

[1m[31mERROR[39m[22m in [1m./src/pages/TasksPage.js[39m[22m [1m[32m25:19-28[39m[22m
[1mexport 'getSocket' (imported as 'getSocket') was [1m[31mnot found[39m[22m[1m in '../App' (possible exports: [1m[32mdefault[39m[22m[1m)[39m[22m

webpack compiled with [1m[31m8 errors[39m[22m
Compiling...
Failed to compile.

Attempted import error: 'API' is not exported from '../App' (imported as 'API').
[1m[31mERROR[39m[22m in [1m./src/pages/AdminDashboard.js[39m[22m [1m[32m16:4-11[39m[22m
[1mexport 'API' (imported as 'API') was [1m[31mnot found[39m[22m[1m in '../App' (possible exports: [1m[32mdefault[39m[22m[1m)[39m[22m

[1m[31mERROR[39m[22m in [1m./src/pages/FraudReviewPage.js[39m[22m [1m[32m16:4-11[39m[22m
[1mexport 'API' (imported as 'API') was [1m[31mnot found[39m[22m[1m in '../App' (possible exports: [1m[32mdefault[39m[22m[1m)[39m[22m

[1m[31mERROR[39m[22m in [1m./src/pages/PartnerDashboardPage.js[39m[22m [1m[32m16:4-11[39m[22m
[1mexport 'API' (imported as 'API') was [1m[31mnot found[39m[22m[1m in '../App' (possible exports: [1m[32mdefault[39m[22m[1m)[39m[22m

[1m[31mERROR[39m[22m in [1m./src/pages/ProfilePage.js[39m[22m [1m[32m44:12-19[39m[22m
[1mexport 'API' (imported as 'API') was [1m[31mnot found[39m[22m[1m in '../App' (possible exports: [1m[32mdefault[39m[22m[1m)[39m[22m

[1m[31mERROR[39m[22m in [1m./src/pages/QRDropDetailPage.js[39m[22m [1m[32m20:4-11[39m[22m
[1mexport 'API' (imported as 'API') was [1m[31mnot found[39m[22m[1m in '../App' (possible exports: [1m[32mdefault[39m[22m[1m)[39m[22m

[1m[31mERROR[39m[22m in [1m./src/pages/QRHuntPage.js[39m[22m [1m[32m28:4-11[39m[22m
[1mexport 'API' (imported as 'API') was [1m[31mnot found[39m[22m[1m in '../App' (possible exports: [1m[32mdefault[39m[22m[1m)[39m[22m

[1m[31mERROR[39m[22m in [1m./src/pages/QRScannerPage.js[39m[22m [1m[32m127:29-37[39m[22m
[1mexport 'API' (imported as 'API') was [1m[31mnot found[39m[22m[1m in '../App' (possible exports: [1m[32mdefault[39m[22m[1m)[39m[22m

[1m[31mERROR[39m[22m in [1m./src/pages/TasksPage.js[39m[22m [1m[32m25:19-28[39m[22m
[1mexport 'getSocket' (imported as 'getSocket') was [1m[31mnot found[39m[22m[1m in '../App' (possible exports: [1m[32mdefault[39m[22m[1m)[39m[22m

webpack compiled with [1m[31m8 errors[39m[22m
Compiling...
Failed to compile.

Attempted import error: 'getSocket' is not exported from '../App' (imported as 'getSocket').
[1m[31mERROR[39m[22m in [1m./src/pages/TasksPage.js[39m[22m [1m[32m25:19-28[39m[22m
[1mexport 'getSocket' (imported as 'getSocket') was [1m[31mnot found[39m[22m[1m in '../App' (possible exports: [1m[32mdefault[39m[22m[1m)[39m[22m

webpack compiled with [1m[31m1 error[39m[22m
Compiling...
Failed to compile.

Attempted import error: 'getSocket' is not exported from '../App' (imported as 'getSocket').
[1m[31mERROR[39m[22m in [1m./src/pages/TasksPage.js[39m[22m [1m[32m25:19-28[39m[22m
[1mexport 'getSocket' (imported as 'getSocket') was [1m[31mnot found[39m[22m[1m in '../App' (possible exports: [1m[32mdefault[39m[22m[1m)[39m[22m

webpack compiled with [1m[31m1 error[39m[22m
Compiling...
Failed to compile.

Attempted import error: 'getSocket' is not exported from '../App' (imported as 'getSocket').
[1m[31mERROR[39m[22m in [1m./src/pages/TasksPage.js[39m[22m [1m[32m25:19-28[39m[22m
[1mexport 'getSocket' (imported as 'getSocket') was [1m[31mnot found[39m[22m[1m in '../App' (possible exports: [1m[32mdefault[39m[22m[1m)[39m[22m

webpack compiled with [1m[31m1 error[39m[22m
Compiling...
Failed to compile.

Attempted import error: 'getSocket' is not exported from '../App' (imported as 'getSocket').
[1m[31mERROR[39m[22m in [1m./src/pages/TasksPage.js[39m[22m [1m[32m25:19-28[39m[22m
[1mexport 'getSocket' (imported as 'getSocket') was [1m[31mnot found[39m[22m[1m in '../App' (possible exports: [1m[32mdefault[39m[22m[1m)[39m[22m

webpack compiled with [1m[31m1 error[39m[22m
Compiling...
Failed to compile.

Attempted import error: 'getSocket' is not exported from '../App' (imported as 'getSocket').
[1m[31mERROR[39m[22m in [1m./src/pages/TasksPage.js[39m[22m [1m[32m25:19-28[39m[22m
[1mexport 'getSocket' (imported as 'getSocket') was [1m[31mnot found[39m[22m[1m in '../App' (possible exports: [1m[32mdefault[39m[22m[1m)[39m[22m

webpack compiled with [1m[31m1 error[39m[22m
Compiling...
Failed to compile.

Attempted import error: 'getSocket' is not exported from '../App' (imported as 'getSocket').
[1m[31mERROR[39m[22m in [1m./src/pages/TasksPage.js[39m[22m [1m[32m25:19-28[39m[22m
[1mexport 'getSocket' (imported as 'getSocket') was [1m[31mnot found[39m[22m[1m in '../App' (possible exports: [1m[32mdefault[39m[22m[1m)[39m[22m

webpack compiled with [1m[31m1 error[39m[22m
Compiling...
Failed to compile.

Attempted import error: 'getSocket' is not exported from '../App' (imported as 'getSocket').
[1m[31mERROR[39m[22m in [1m./src/pages/TasksPage.js[39m[22m [1m[32m25:19-28[39m[22m
[1mexport 'getSocket' (imported as 'getSocket') was [1m[31mnot found[39m[22m[1m in '../App' (possible exports: [1m[32mdefault[39m[22m[1m)[39m[22m

webpack compiled with [1m[31m1 error[39m[22m
Compiling...
Failed to compile.

Attempted import error: 'getSocket' is not exported from '../App' (imported as 'getSocket').
[1m[31mERROR[39m[22m in [1m./src/pages/TasksPage.js[39m[22m [1m[32m25:19-28[39m[22m
[1mexport 'getSocket' (imported as 'getSocket') was [1m[31mnot found[39m[22m[1m in '../App' (possible exports: [1m[32mdefault[39m[22m[1m)[39m[22m

webpack compiled with [1m[31m1 error[39m[22m
Compiling...
Compiled successfully!
webpack compiled [1m[32msuccessfully[39m[22m
Compiling...
Compiled successfully!
webpack compiled [1m[32msuccessfully[39m[22m
Compiling...
Compiled successfully!
webpack compiled [1m[32msuccessfully[39m[22m
Compiling...
Compiled successfully!
webpack compiled [1m[32msuccessfully[39m[22m
Compiling...
Compiled successfully!
webpack compiled [1m[32msuccessfully[39m[22m
Compiling...
Compiled successfully!
webpack compiled [1m[32msuccessfully[39m[22m
Compiling...
Compiled successfully!
webpack compiled [1m[32msuccessfully[39m[22m
Compiling...
Compiled successfully!
webpack compiled [1m[32msuccessfully[39m[22m
Compiling...
Compiled successfully!
webpack compiled [1m[32msuccessfully[39m[22m
Compiling...
Compiled successfully!
webpack compiled [1m[32msuccessfully[39m[22m
Compiling...
Compiled successfully!
webpack compiled [1m[32msuccessfully[39m[22m
Compiling...
Compiled successfully!
webpack compiled [1m[32msuccessfully[39m[22m
